<?xml version="1.0" encoding="UTF-8"?>
<!-- Generated by org.testng.reporters.JUnitReportReporter -->
<testsuite hostname="P3B-1P8KGP2" failures="0" tests="1" name="Keyboardpressevent" time="22.314" errors="0" timestamp="2020-01-22T00:28:59 CST" skipped="0">
  <testcase classname="Keyboardpressevent" name="Check" time="22.314"/>
</testsuite> <!-- Keyboardpressevent -->
