<?xml version="1.0" encoding="UTF-8"?>
<!-- Generated by org.testng.reporters.JUnitReportReporter -->
<testsuite hostname="P3B-1P8KGP2" failures="0" tests="1" name="Setinjava" time="0.015" errors="0" timestamp="2020-01-22T02:59:26 CST" skipped="0">
  <testcase classname="Setinjava" name="add" time="0.015"/>
</testsuite> <!-- Setinjava -->
