<?xml version="1.0" encoding="UTF-8"?>
<!-- Generated by org.testng.reporters.JUnitReportReporter -->
<testsuite hostname="P3B-1P8KGP2" failures="0" tests="1" name="Mousepositionevent" time="39.202" errors="0" timestamp="2020-01-21T23:32:49 CST" skipped="0">
  <testcase classname="Mousepositionevent" name="checkmouseposition" time="39.202"/>
</testsuite> <!-- Mousepositionevent -->
