<?xml version="1.0" encoding="UTF-8"?>
<!-- Generated by org.testng.reporters.JUnitReportReporter -->
<testsuite hostname="P3B-1P8KGP2" failures="0" tests="1" name="LaunchingInterfaceRefereance" time="14.445" errors="0" timestamp="2020-01-21T00:19:33 CST" skipped="0">
  <testcase classname="LaunchingInterfaceRefereance" name="check" time="14.445"/>
</testsuite> <!-- LaunchingInterfaceRefereance -->
