<?xml version="1.0" encoding="UTF-8"?>
<!-- Generated by org.testng.reporters.JUnitReportReporter -->
<testsuite hostname="P3B-1P8KGP2" failures="0" tests="2" name="Myfirstcode" time="0.028" errors="0" timestamp="2020-01-20T21:59:15 CST" skipped="0">
  <testcase classname="Myfirstcode" name="regi" time="0.025"/>
  <testcase classname="Myfirstcode" name="regio" time="0.003"/>
</testsuite> <!-- Myfirstcode -->
